<?xml version="1.0" encoding="UTF-8"?>
<!-- Generated by org.testng.reporters.JUnitReportReporter -->
<testsuite hostname="DESKTOP-MD4BTEP" failures="0" tests="1" name="amazon_tc.Amz_TC_12" time="39.433" errors="0" timestamp="2024-03-16T20:55:01 IST" skipped="0">
  <testcase classname="amazon_tc.Amz_TC_12" name="login_addProd_UPI_PaymentOption_logout" time="39.433"/>
  <system-out/>
</testsuite> <!-- amazon_tc.Amz_TC_12 -->
