<?xml version="1.0" encoding="UTF-8"?>
<!-- Generated by org.testng.reporters.JUnitReportReporter -->
<testsuite hostname="DESKTOP-MD4BTEP" failures="0" tests="1" name="amazon_tc.Amz_TC_02" time="26.635" errors="0" timestamp="2024-03-14T17:35:02 IST" skipped="0">
  <testcase classname="amazon_tc.Amz_TC_02" name="Amz_TestCase_1" time="26.635"/>
  <system-out/>
</testsuite> <!-- amazon_tc.Amz_TC_02 -->
