<?xml version="1.0" encoding="UTF-8"?>
<!-- Generated by org.testng.reporters.JUnitReportReporter -->
<testsuite hostname="DESKTOP-MD4BTEP" failures="0" tests="2" name="DependOnDemo.Base" time="23.571" errors="0" timestamp="2024-01-25T12:13:17 IST" skipped="0">
  <testcase classname="DependOnDemo.Base" name="step1_execution" time="14.025"/>
  <system-out/>
  <testcase classname="DependOnDemo.Base" name="step2_execution" time="9.546"/>
  <system-out/>
</testsuite> <!-- DependOnDemo.Base -->
