<?xml version="1.0" encoding="UTF-8"?>
<!-- Generated by org.testng.reporters.JUnitReportReporter -->
<testsuite hostname="DESKTOP-MD4BTEP" failures="0" tests="1" name="amazon_tc.Amz_TC_11" time="40.714" errors="0" timestamp="2024-03-16T20:51:01 IST" skipped="0">
  <testcase classname="amazon_tc.Amz_TC_11" name="login_addProd_UPI_PaymentOption_logout" time="40.714"/>
  <system-out/>
</testsuite> <!-- amazon_tc.Amz_TC_11 -->
