<?xml version="1.0" encoding="UTF-8"?>
<!-- Generated by org.testng.reporters.JUnitReportReporter -->
<testsuite hostname="DESKTOP-MD4BTEP" failures="0" tests="1" name="amazon_tc.Amz_TC_07" time="28.595" errors="0" timestamp="2024-03-15T10:36:45 IST" skipped="0">
  <testcase classname="amazon_tc.Amz_TC_07" name="login_AddRemoveProd_from_Wishlist_and_Cart" time="28.595"/>
  <system-out/>
</testsuite> <!-- amazon_tc.Amz_TC_07 -->
