<?xml version="1.0" encoding="UTF-8"?>
<!-- Generated by org.testng.reporters.JUnitReportReporter -->
<testsuite hostname="DESKTOP-MD4BTEP" failures="0" tests="1" name="test_pack.Amz_Smoke_07" time="67.206" errors="0" timestamp="2024-02-01T18:53:27 IST" skipped="0">
  <testcase classname="test_pack.Amz_Smoke_07" name="login_addProd_UPI_PaymentOption_logout" time="67.206"/>
  <system-out/>
</testsuite> <!-- test_pack.Amz_Smoke_07 -->
