<?xml version="1.0" encoding="UTF-8"?>
<!-- Generated by org.testng.reporters.JUnitReportReporter -->
<testsuite hostname="DESKTOP-MD4BTEP" failures="0" tests="1" name="amazon_proj_2.Amz_TC_04" time="16.155" errors="0" timestamp="2024-02-19T18:42:20 IST" skipped="0">
  <testcase classname="amazon_proj_2.Amz_TC_04" name="login_Searching_Logout" time="16.155"/>
  <system-out/>
</testsuite> <!-- amazon_proj_2.Amz_TC_04 -->
