<?xml version="1.0" encoding="UTF-8"?>
<!-- Generated by org.testng.reporters.JUnitReportReporter -->
<testsuite hostname="DESKTOP-MD4BTEP" failures="0" tests="1" name="amazon_proj_1.Amz_Smoke_09" time="29.921" errors="0" timestamp="2024-02-16T20:30:25 IST" skipped="0">
  <testcase classname="amazon_proj_1.Amz_Smoke_09" name="login_UpdateDefaultAddress_logout" time="29.921"/>
  <system-out/>
</testsuite> <!-- amazon_proj_1.Amz_Smoke_09 -->
