<?xml version="1.0" encoding="UTF-8"?>
<!-- Generated by org.testng.reporters.JUnitReportReporter -->
<testsuite hostname="DESKTOP-MD4BTEP" failures="0" tests="1" name="practice.FindDuplicateChar" time="0.015" errors="0" timestamp="2024-02-10T16:03:31 IST" skipped="0">
  <testcase classname="practice.FindDuplicateChar" name="case1" time="0.015"/>
  <system-out/>
</testsuite> <!-- practice.FindDuplicateChar -->
