<?xml version="1.0" encoding="UTF-8"?>
<!-- Generated by org.testng.reporters.JUnitReportReporter -->
<testsuite hostname="DESKTOP-MD4BTEP" failures="0" tests="1" name="amazon_proj_1.Amz_Smoke_02" time="42.300" errors="0" timestamp="2024-02-13T17:40:19 IST" skipped="0">
  <testcase classname="amazon_proj_1.Amz_Smoke_02" name="login_addtoCart_Logout" time="42.300"/>
  <system-out/>
</testsuite> <!-- amazon_proj_1.Amz_Smoke_02 -->
