<?xml version="1.0" encoding="UTF-8"?>
<!-- Generated by org.testng.reporters.JUnitReportReporter -->
<testsuite hostname="DESKTOP-MD4BTEP" failures="0" tests="1" name="amazon_tc.Amz_TC_03" time="25.399" errors="0" timestamp="2024-03-14T18:00:26 IST" skipped="0">
  <testcase classname="amazon_tc.Amz_TC_03" name="login_addtoCart_Logout" time="25.399"/>
  <system-out/>
</testsuite> <!-- amazon_tc.Amz_TC_03 -->
