<?xml version="1.0" encoding="UTF-8"?>
<!-- Generated by org.testng.reporters.JUnitReportReporter -->
<testsuite hostname="DESKTOP-MD4BTEP" failures="0" tests="1" name="practice.PrcticeClass" time="0.019" errors="0" timestamp="2024-01-27T21:03:26 IST" skipped="0">
  <testcase classname="practice.PrcticeClass" name="case1" time="0.019"/>
  <system-out/>
</testsuite> <!-- practice.PrcticeClass -->
