<?xml version="1.0" encoding="UTF-8"?>
<!-- Generated by org.testng.reporters.JUnitReportReporter -->
<testsuite hostname="DESKTOP-MD4BTEP" failures="0" tests="1" name="amazon_proj_1.Amz_Smoke_05" time="49.925" errors="0" timestamp="2024-02-15T10:23:49 IST" skipped="0">
  <testcase classname="amazon_proj_1.Amz_Smoke_05" name="login_addProd_CC_DC_PaymentOption_logout" time="49.925"/>
  <system-out/>
</testsuite> <!-- amazon_proj_1.Amz_Smoke_05 -->
