<?xml version="1.0" encoding="UTF-8"?>
<!-- Generated by org.testng.reporters.JUnitReportReporter -->
<testsuite hostname="DESKTOP-MD4BTEP" failures="0" tests="1" name="test_pack.Amz_Smoke_03" time="61.354" errors="0" timestamp="2024-02-02T07:32:14 IST" skipped="0">
  <testcase classname="test_pack.Amz_Smoke_03" name="login_AddRemoveProd_from_Wishlist_and_Cart" time="61.354"/>
  <system-out/>
</testsuite> <!-- test_pack.Amz_Smoke_03 -->
