<?xml version="1.0" encoding="UTF-8"?>
<!-- Generated by org.testng.reporters.JUnitReportReporter -->
<testsuite hostname="DESKTOP-MD4BTEP" failures="0" tests="1" name="amazon_tc.Amz_TC_10" time="39.517" errors="0" timestamp="2024-03-16T20:37:13 IST" skipped="0">
  <testcase classname="amazon_tc.Amz_TC_10" name="login_addProd_netBanking_PaymentOption_logout" time="39.517"/>
  <system-out/>
</testsuite> <!-- amazon_tc.Amz_TC_10 -->
