<?xml version="1.0" encoding="UTF-8"?>
<!-- Generated by org.testng.reporters.JUnitReportReporter -->
<testsuite hostname="DESKTOP-MD4BTEP" failures="0" tests="1" name="test_pack.Test_Amz_Login_Searching_Logout" time="41.907" errors="0" timestamp="2024-01-31T13:23:57 IST" skipped="0">
  <testcase classname="test_pack.Test_Amz_Login_Searching_Logout" name="login_Searching_Logout" time="41.907"/>
  <system-out/>
</testsuite> <!-- test_pack.Test_Amz_Login_Searching_Logout -->
