<?xml version="1.0" encoding="UTF-8"?>
<!-- Generated by org.testng.reporters.JUnitReportReporter -->
<testsuite hostname="DESKTOP-MD4BTEP" failures="0" tests="1" name="resources.TimeDate" time="0.051" errors="0" timestamp="2024-02-10T12:02:33 IST" skipped="0">
  <testcase classname="resources.TimeDate" name="getTimeDate" time="0.051"/>
  <system-out/>
</testsuite> <!-- resources.TimeDate -->
