<?xml version="1.0" encoding="UTF-8"?>
<!-- Generated by org.testng.reporters.JUnitReportReporter -->
<testsuite hostname="DESKTOP-MD4BTEP" failures="0" tests="1" name="amazon_tc.Amz_TC_04" time="24.203" errors="0" timestamp="2024-03-15T08:06:48 IST" skipped="0">
  <testcase classname="amazon_tc.Amz_TC_04" name="login_Searching_Logout" time="24.203"/>
  <system-out/>
</testsuite> <!-- amazon_tc.Amz_TC_04 -->
