<?xml version="1.0" encoding="UTF-8"?>
<!-- Generated by org.testng.reporters.JUnitReportReporter -->
<testsuite hostname="DESKTOP-MD4BTEP" failures="0" tests="1" name="test_pack.Test_Search_product" time="17.179" errors="0" timestamp="2024-01-30T08:20:07 IST" skipped="0">
  <testcase classname="test_pack.Test_Search_product" name="searchProduct" time="17.179"/>
  <system-out/>
</testsuite> <!-- test_pack.Test_Search_product -->
