<?xml version="1.0" encoding="UTF-8"?>
<!-- Generated by org.testng.reporters.JUnitReportReporter -->
<testsuite hostname="DESKTOP-MD4BTEP" failures="0" tests="1" name="amazon_tc.Amz_TC_05" time="19.928" errors="0" timestamp="2024-03-15T08:16:45 IST" skipped="0">
  <testcase classname="amazon_tc.Amz_TC_05" name="login_Searching_Logout" time="19.928"/>
  <system-out/>
</testsuite> <!-- amazon_tc.Amz_TC_05 -->
