<?xml version="1.0" encoding="UTF-8"?>
<!-- Generated by org.testng.reporters.JUnitReportReporter -->
<testsuite hostname="DESKTOP-MD4BTEP" failures="0" tests="1" name="test_pack.Search_product_after_login" time="19.308" errors="0" timestamp="2024-01-30T07:57:30 IST" skipped="0">
  <testcase classname="test_pack.Search_product_after_login" name="searchProduct" time="19.308"/>
  <system-out/>
</testsuite> <!-- test_pack.Search_product_after_login -->
