<?xml version="1.0" encoding="UTF-8"?>
<!-- Generated by org.testng.reporters.JUnitReportReporter -->
<testsuite hostname="DESKTOP-MD4BTEP" failures="1" tests="1" name="amazon_proj_2.Amz_TC_03" time="714.478" errors="0" timestamp="2024-02-21T23:17:34 IST" skipped="0">
  <testcase classname="amazon_proj_2.Amz_TC_03" name="login_addtoCart_Logout" time="714.478">
    <failure message="The following asserts failed:
	customer_reviews are not displayed for - Casual Shoes,
	customer_reviews are not displayed for - Mens Fluxx Pace M Running Shoe,
	customer_reviews are not displayed for - Men 490 White/Steel Running Shoes (M490NW6),
	product_description_section is not displayed for - Men Drift Black/Silver Running Shoes,
	customer_reviews are not displayed for - Men Drift Black/Silver Running Shoes,
	product_description_section is not displayed for - Shoes SM-904,
	customer_reviews are not displayed for - Shoes SM-904,
	product_description_section is not displayed for - JR-1 Sports Shoes for Men | Running, Walking, Gym Shoes | Lightweight &amp; Comfortable |Sneaker Shoes for Men | Ideal for Mens &amp; Boys,
	product_price_tag is not displayed for - LF Ogiy Retro Shoes High Running Shoes for Men,
	customer_reviews are not displayed for - LF Ogiy Retro Shoes High Running Shoes for Men,
	customer_reviews are not displayed for - Comort Stroll Sneakers for Men | Comfortable and Flexible | Casual Shoes for Men,
	product_price_tag is not displayed for - Men&#039;s Casual Blue Shoes - 6,
	customer_reviews are not displayed for - Men&#039;s Casual Blue Shoes - 6,
	product_price_tag is not displayed for - Running Shoes for Men&#039;s Soft Sole Lightweight Fashionable Running Shoes Outdoor Sport Gym Jogging Black Color,
	customer_reviews are not displayed for - Running Shoes for Men&#039;s Soft Sole Lightweight Fashionable Running Shoes Outdoor Sport Gym Jogging Black Color,
	product_price_tag is not displayed for - Mens Strutter Training Shoe,
	customer_reviews are not displayed for - Men&#039;s Real Leather Safety with Steel Toe Light Weight Industrial Safety Shoes for Men,
	customer_reviews are not displayed for - Multifunctional Roller Skates Shoes Deformation Automatic Walking Shoes with Double-Row Deform Wheel Adult Children&#039;s Skating Shoes,
	product_description_section is not displayed for - Daily Movers Sneakers for Men | Comfortable and Flexible | Walking Shoes for Men,
	customer_reviews are not displayed for - Daily Movers Sneakers for Men | Comfortable and Flexible | Walking Shoes for Men,
	customer_reviews are not displayed for - Men SM-707 Sports Shoes,
	customer_reviews are not displayed for - Men&#039;s Motion ASSG1401 Walking Shoes/Running Shoes/Sports Shoes,
	customer_reviews are not displayed for - ALASTOR Men Sports Shoe/Running Shoe/Walking Shoes ASSG1359,
	customer_reviews are not displayed for - Men&#039;s Aero ASSG1377 Walking Shoes/Running Shoes/Sports Shoes,
	customer_reviews are not displayed for - Men&#039;s Alastor ASSG1359 Walking Shoes/Running Shoes/Sports Shoes,
	customer_reviews are not displayed for - RECSOR High Top Canvas Sneakers I Ankle Sneakers I Extra Light Weight I Summer Trendy I Outdoor Sneakers I Sneakers Shoes for Men &amp; Boy&#039;s,
	product_description_section is not displayed for - JR-1 Sports Shoes for Men | Running, Walking, Gym Shoes | Lightweight &amp; Comfortable |Sneaker Shoes for Men | Ideal for Mens &amp; Boys,
	customer_reviews are not displayed for - WOOD-SS-810 Kids Shoes for Boys | Kids Shoes for Girls | Kids Shoes for Boys 5-6 Years | Kids Shoes for Boys 7-8 Years | Kids Shoes for Boys 1-2 Years,
	customer_reviews are not displayed for - Men Cosco Grey Running Shoes,
	customer_reviews are not displayed for - Unisex-Adult Flexfocus LiteRunning Shoe,
	customer_reviews are not displayed for - Mens X-Cell LightspeedRunning Shoe,
	customer_reviews are not displayed for - Unisex-Adult Conduct ProRunning Shoe" type="java.lang.AssertionError">
      <![CDATA[java.lang.AssertionError: The following asserts failed:
customer_reviews are not displayed for - Casual Shoes,
customer_reviews are not displayed for - Mens Fluxx Pace M Running Shoe,
customer_reviews are not displayed for - Men 490 White/Steel Running Shoes (M490NW6),
product_description_section is not displayed for - Men Drift Black/Silver Running Shoes,
customer_reviews are not displayed for - Men Drift Black/Silver Running Shoes,
product_description_section is not displayed for - Shoes SM-904,
customer_reviews are not displayed for - Shoes SM-904,
product_description_section is not displayed for - JR-1 Sports Shoes for Men | Running, Walking, Gym Shoes | Lightweight & Comfortable |Sneaker Shoes for Men | Ideal for Mens & Boys,
product_price_tag is not displayed for - LF Ogiy Retro Shoes High Running Shoes for Men,
customer_reviews are not displayed for - LF Ogiy Retro Shoes High Running Shoes for Men,
customer_reviews are not displayed for - Comort Stroll Sneakers for Men | Comfortable and Flexible | Casual Shoes for Men,
product_price_tag is not displayed for - Men's Casual Blue Shoes - 6,
customer_reviews are not displayed for - Men's Casual Blue Shoes - 6,
product_price_tag is not displayed for - Running Shoes for Men's Soft Sole Lightweight Fashionable Running Shoes Outdoor Sport Gym Jogging Black Color,
customer_reviews are not displayed for - Running Shoes for Men's Soft Sole Lightweight Fashionable Running Shoes Outdoor Sport Gym Jogging Black Color,
product_price_tag is not displayed for - Mens Strutter Training Shoe,
customer_reviews are not displayed for - Men's Real Leather Safety with Steel Toe Light Weight Industrial Safety Shoes for Men,
customer_reviews are not displayed for - Multifunctional Roller Skates Shoes Deformation Automatic Walking Shoes with Double-Row Deform Wheel Adult Children's Skating Shoes,
product_description_section is not displayed for - Daily Movers Sneakers for Men | Comfortable and Flexible | Walking Shoes for Men,
customer_reviews are not displayed for - Daily Movers Sneakers for Men | Comfortable and Flexible | Walking Shoes for Men,
customer_reviews are not displayed for - Men SM-707 Sports Shoes,
customer_reviews are not displayed for - Men's Motion ASSG1401 Walking Shoes/Running Shoes/Sports Shoes,
customer_reviews are not displayed for - ALASTOR Men Sports Shoe/Running Shoe/Walking Shoes ASSG1359,
customer_reviews are not displayed for - Men's Aero ASSG1377 Walking Shoes/Running Shoes/Sports Shoes,
customer_reviews are not displayed for - Men's Alastor ASSG1359 Walking Shoes/Running Shoes/Sports Shoes,
customer_reviews are not displayed for - RECSOR High Top Canvas Sneakers I Ankle Sneakers I Extra Light Weight I Summer Trendy I Outdoor Sneakers I Sneakers Shoes for Men & Boy's,
product_description_section is not displayed for - JR-1 Sports Shoes for Men | Running, Walking, Gym Shoes | Lightweight & Comfortable |Sneaker Shoes for Men | Ideal for Mens & Boys,
customer_reviews are not displayed for - WOOD-SS-810 Kids Shoes for Boys | Kids Shoes for Girls | Kids Shoes for Boys 5-6 Years | Kids Shoes for Boys 7-8 Years | Kids Shoes for Boys 1-2 Years,
customer_reviews are not displayed for - Men Cosco Grey Running Shoes,
customer_reviews are not displayed for - Unisex-Adult Flexfocus LiteRunning Shoe,
customer_reviews are not displayed for - Mens X-Cell LightspeedRunning Shoe,
customer_reviews are not displayed for - Unisex-Adult Conduct ProRunning Shoe
at org.testng.asserts.SoftAssert.assertAll(SoftAssert.java:47)
at org.testng.asserts.SoftAssert.assertAll(SoftAssert.java:31)
at source_pages.Amz_Product_Page.verify_searched_result_for_DetailsDescriptionReviewsPrice_Sections(Amz_Product_Page.java:323)
at amazon_proj_2.Amz_TC_03.login_addtoCart_Logout(Amz_TC_03.java:49)
at java.base/jdk.internal.reflect.NativeMethodAccessorImpl.invoke0(Native Method)
at java.base/jdk.internal.reflect.NativeMethodAccessorImpl.invoke(NativeMethodAccessorImpl.java:77)
at java.base/jdk.internal.reflect.DelegatingMethodAccessorImpl.invoke(DelegatingMethodAccessorImpl.java:43)
at java.base/java.lang.reflect.Method.invoke(Method.java:568)
at org.testng.internal.MethodInvocationHelper.invokeMethod(MethodInvocationHelper.java:133)
at org.testng.internal.TestInvoker.invokeMethod(TestInvoker.java:598)
at org.testng.internal.TestInvoker.invokeTestMethod(TestInvoker.java:173)
at org.testng.internal.MethodRunner.runInSequence(MethodRunner.java:46)
at org.testng.internal.TestInvoker$MethodInvocationAgent.invoke(TestInvoker.java:824)
at org.testng.internal.TestInvoker.invokeTestMethods(TestInvoker.java:146)
at org.testng.internal.TestMethodWorker.invokeTestMethods(TestMethodWorker.java:146)
at org.testng.internal.TestMethodWorker.run(TestMethodWorker.java:128)
at java.base/java.util.ArrayList.forEach(ArrayList.java:1511)
at org.testng.TestRunner.privateRun(TestRunner.java:794)
at org.testng.TestRunner.run(TestRunner.java:596)
at org.testng.SuiteRunner.runTest(SuiteRunner.java:377)
at org.testng.SuiteRunner.runSequentially(SuiteRunner.java:371)
at org.testng.SuiteRunner.privateRun(SuiteRunner.java:332)
at org.testng.SuiteRunner.run(SuiteRunner.java:276)
at org.testng.SuiteRunnerWorker.runSuite(SuiteRunnerWorker.java:53)
at org.testng.SuiteRunnerWorker.run(SuiteRunnerWorker.java:96)
at org.testng.TestNG.runSuitesSequentially(TestNG.java:1212)
at org.testng.TestNG.runSuitesLocally(TestNG.java:1134)
at org.testng.TestNG.runSuites(TestNG.java:1063)
at org.testng.TestNG.run(TestNG.java:1031)
at org.testng.remote.AbstractRemoteTestNG.run(AbstractRemoteTestNG.java:115)
at org.testng.remote.RemoteTestNG.initAndRun(RemoteTestNG.java:251)
at org.testng.remote.RemoteTestNG.main(RemoteTestNG.java:77)
]]>
    </failure>
  </testcase> <!-- login_addtoCart_Logout -->
  <system-out/>
</testsuite> <!-- amazon_proj_2.Amz_TC_03 -->
