<?xml version="1.0" encoding="UTF-8"?>
<!-- Generated by org.testng.reporters.JUnitReportReporter -->
<testsuite hostname="DESKTOP-MD4BTEP" failures="0" tests="1" name="test_pack.Amz_Smoke_09" time="28.483" errors="0" timestamp="2024-02-02T16:02:03 IST" skipped="0">
  <testcase classname="test_pack.Amz_Smoke_09" name="login_UpdateDefaultAddress_logout" time="28.483"/>
  <system-out/>
</testsuite> <!-- test_pack.Amz_Smoke_09 -->
