<?xml version="1.0" encoding="UTF-8"?>
<!-- Generated by org.testng.reporters.JUnitReportReporter -->
<testsuite hostname="DESKTOP-MD4BTEP" failures="0" tests="1" name="test_pack.Login_with_credentials" time="7.286" errors="0" timestamp="2024-01-29T18:35:47 IST" skipped="0">
  <testcase classname="test_pack.Login_with_credentials" name="Login_with_valid_credentials" time="7.286"/>
  <system-out/>
</testsuite> <!-- test_pack.Login_with_credentials -->
