<?xml version="1.0" encoding="UTF-8"?>
<!-- Generated by org.testng.reporters.JUnitReportReporter -->
<testsuite hostname="DESKTOP-MD4BTEP" failures="0" tests="1" name="practice.PracticeClass" time="67.811" errors="0" timestamp="2024-02-08T12:32:36 IST" skipped="0">
  <testcase classname="practice.PracticeClass" name="brokenlinks" time="67.811"/>
  <system-out/>
</testsuite> <!-- practice.PracticeClass -->
