<?xml version="1.0" encoding="UTF-8"?>
<!-- Generated by org.testng.reporters.JUnitReportReporter -->
<testsuite hostname="DESKTOP-MD4BTEP" failures="0" tests="1" name="practice.ClassPract" time="0.021" errors="0" timestamp="2024-01-27T09:27:37 IST" skipped="0">
  <testcase classname="practice.ClassPract" name="case1" time="0.021"/>
  <system-out/>
</testsuite> <!-- practice.ClassPract -->
