<?xml version="1.0" encoding="UTF-8"?>
<!-- Generated by org.testng.reporters.JUnitReportReporter -->
<testsuite hostname="DESKTOP-MD4BTEP" failures="0" tests="1" name="test_pack.Amz_Smoke_04" time="37.676" errors="0" timestamp="2024-02-02T07:38:13 IST" skipped="0">
  <testcase classname="test_pack.Amz_Smoke_04" name="login_addProd_CODPaymentOption_logout" time="37.676"/>
  <system-out/>
</testsuite> <!-- test_pack.Amz_Smoke_04 -->
