<?xml version="1.0" encoding="UTF-8"?>
<!-- Generated by org.testng.reporters.JUnitReportReporter -->
<testsuite hostname="DESKTOP-MD4BTEP" failures="0" tests="1" name="amazon_tc.Amz_TC_13" time="22.575" errors="0" timestamp="2024-03-16T21:38:12 IST" skipped="0">
  <testcase classname="amazon_tc.Amz_TC_13" name="login_UpdateDefaultAddress_logout" time="22.575"/>
  <system-out/>
</testsuite> <!-- amazon_tc.Amz_TC_13 -->
