<?xml version="1.0" encoding="UTF-8"?>
<!-- Generated by org.testng.reporters.JUnitReportReporter -->
<testsuite hostname="DESKTOP-MD4BTEP" failures="0" tests="1" name="amazon_tc.Amz_TC_09" time="42.196" errors="0" timestamp="2024-03-16T20:31:05 IST" skipped="0">
  <testcase classname="amazon_tc.Amz_TC_09" name="login_addProd_CC_DC_PaymentOption_logout" time="42.196"/>
  <system-out/>
</testsuite> <!-- amazon_tc.Amz_TC_09 -->
