<?xml version="1.0" encoding="UTF-8"?>
<!-- Generated by org.testng.reporters.JUnitReportReporter -->
<testsuite hostname="DESKTOP-MD4BTEP" failures="0" tests="1" name="test_pack.Amz_Smoke_02" time="28.192" errors="0" timestamp="2024-01-31T16:56:37 IST" skipped="0">
  <testcase classname="test_pack.Amz_Smoke_02" name="login_addtoCart_Logout" time="28.192"/>
  <system-out/>
</testsuite> <!-- test_pack.Amz_Smoke_02 -->
