<?xml version="1.0" encoding="UTF-8"?>
<!-- Generated by org.testng.reporters.JUnitReportReporter -->
<testsuite hostname="DESKTOP-MD4BTEP" failures="0" tests="1" name="amazon_test.Amz_Smoke_01" time="26.719" errors="0" timestamp="2024-02-10T12:08:21 IST" skipped="0">
  <testcase classname="amazon_test.Amz_Smoke_01" name="login_Searching_Logout" time="26.719"/>
  <system-out/>
</testsuite> <!-- amazon_test.Amz_Smoke_01 -->
