<?xml version="1.0" encoding="UTF-8"?>
<!-- Generated by org.testng.reporters.JUnitReportReporter -->
<testsuite hostname="DESKTOP-MD4BTEP" failures="0" tests="1" name="test_pack.Amz_Smoke_01" time="27.890" errors="0" timestamp="2024-01-31T14:05:35 IST" skipped="0">
  <testcase classname="test_pack.Amz_Smoke_01" name="login_Searching_Logout" time="27.890"/>
  <system-out/>
</testsuite> <!-- test_pack.Amz_Smoke_01 -->
