<?xml version="1.0" encoding="UTF-8"?>
<!-- Generated by org.testng.reporters.JUnitReportReporter -->
<testsuite hostname="DESKTOP-MD4BTEP" failures="0" tests="1" name="amazon_tc.Amz_TC_06" time="26.992" errors="0" timestamp="2024-03-15T10:14:45 IST" skipped="0">
  <testcase classname="amazon_tc.Amz_TC_06" name="login_addtoCart_Logout" time="26.992"/>
  <system-out/>
</testsuite> <!-- amazon_tc.Amz_TC_06 -->
