<?xml version="1.0" encoding="UTF-8"?>
<!-- Generated by org.testng.reporters.JUnitReportReporter -->
<testsuite hostname="DESKTOP-MD4BTEP" failures="0" tests="1" name="practice.IteratorPractice_SetList" time="0.024" errors="0" timestamp="2024-01-27T14:26:29 IST" skipped="0">
  <testcase classname="practice.IteratorPractice_SetList" name="case1" time="0.024"/>
  <system-out/>
</testsuite> <!-- practice.IteratorPractice_SetList -->
